<?xml version="1.0" encoding="UTF-8" ?>
<testsuite tests="5" failures="0" name="br.com.gui.testes.servicos.CalculoValorLocacaoTest" time="0.072" errors="0" skipped="0">
  <properties>
[...]
</properties>
  <testcase classname="br.com.gui.testes.servicos.CalculoValorLocacaoTest" name="calcularValorLocacao[2 Filmes: Sem Desconto]" time="0.071"/>
  <testcase classname="br.com.gui.testes.servicos.CalculoValorLocacaoTest" name="calcularValorLocacao[3 Filmes: 25%]" time="0"/>
  <testcase classname="br.com.gui.testes.servicos.CalculoValorLocacaoTest" name="calcularValorLocacao[4 Filmes: 50%]" time="0.001"/>
  <testcase classname="br.com.gui.testes.servicos.CalculoValorLocacaoTest" name="calcularValorLocacao[5 Filmes: 75%]" time="0"/>
  <testcase classname="br.com.gui.testes.servicos.CalculoValorLocacaoTest" name="calcularValorLocacao[6 Filmes: 100%]" time="0"/>
</testsuite>