<?xml version="1.0" encoding="UTF-8"?>
<testsuite name="br.com.gui.testes.servicos.LocacaoServiceTest" time="0.62" tests="17" errors="0" skipped="0" failures="0">
  <properties>
[...]
</properties>
  <testcase name="naoDeveAlugarFilmeParaUsuarioNegativado" classname="br.com.gui.testes.servicos.LocacaoServiceTest" time="0.456"/>
  <testcase name="deveEnviarEmailParaLocacoesAtrasadas" classname="br.com.gui.testes.servicos.LocacaoServiceTest" time="0.021"/>
  <testcase name="naoDeveDevolverFilmeNoDomingoSeAlugadoNoSabado" classname="br.com.gui.testes.servicos.LocacaoServiceTest" time="0.043"/>
  <testcase name="naoDeveAlugarFilmeSemFilme" classname="br.com.gui.testes.servicos.LocacaoServiceTest" time="0.007"/>
  <testcase name="deveTratarErroNoMockSPC" classname="br.com.gui.testes.servicos.LocacaoServiceTest" time="0.005"/>
  <testcase name="naoDeveAlugarFilmeSemEstoque2" classname="br.com.gui.testes.servicos.LocacaoServiceTest" time="0.005"/>
  <testcase name="naoDeveAlugarFilmeSemUsuario" classname="br.com.gui.testes.servicos.LocacaoServiceTest" time="0.007"/>
  <testcase name="deveProrrogarUmaLocacao" classname="br.com.gui.testes.servicos.LocacaoServiceTest" time="0.007"/>
  <testcase name="naoDeveAlugarFilmeSemEstoque" classname="br.com.gui.testes.servicos.LocacaoServiceTest" time="0.005"/>
  <testcase name="naoDeveAlugarFilmeSemEstoque3" classname="br.com.gui.testes.servicos.LocacaoServiceTest" time="0.006"/>
  <testcase name="testeLocacaoRule" classname="br.com.gui.testes.servicos.LocacaoServiceTest" time="0.011"/>
  <testcase name="desconto_3itens" classname="br.com.gui.testes.servicos.LocacaoServiceTest" time="0.008"/>
  <testcase name="testeLocacao" classname="br.com.gui.testes.servicos.LocacaoServiceTest" time="0.007"/>
  <testcase name="desconto_6itens" classname="br.com.gui.testes.servicos.LocacaoServiceTest" time="0.007"/>
  <testcase name="setDescontoTest" classname="br.com.gui.testes.servicos.LocacaoServiceTest" time="0.005"/>
  <testcase name="desconto_5itens" classname="br.com.gui.testes.servicos.LocacaoServiceTest" time="0.012"/>
  <testcase name="desconto_4itens" classname="br.com.gui.testes.servicos.LocacaoServiceTest" time="0.008"/>
</testsuite>